# JRE version: OpenJDK Runtime Environment Corretto-17.0.8.8.1 (17.0.8.1+8) (build 17.0.8.1+8-LTS)
# Java VM: OpenJDK 64-Bit Server VM Corretto-17.0.8.8.1 (17.0.8.1+8-LTS, mixed mode, sharing, tiered, compressed oops, compressed class ptrs, g1 gc, windows-amd64)
GC Precious Log:
 CPUs: 16 total, 16 available
 Memory: 15732M
 Large Page Support: Disabled
 NUMA Support: Disabled
 Compressed Oops: Enabled (Zero based)
 Heap Region Size: 2M
 Heap Min Capacity: 8M
 Heap Initial Capacity: 246M
 Heap Max Capacity: 3934M
 Pre-touch: Disabled
 Parallel Workers: 13
 Concurrent Workers: 3
 Concurrent Refinement Workers: 13
 Periodic GC: Disabled
Heap:
 garbage-first heap   total 303104K, used 130353K [0x000000070a200000, 0x0000000800000000)
  region size 2048K, 62 young (126976K), 6 survivors (12288K)
 Metaspace       used 20302K, committed 20544K, reserved 1114112K
  class space    used 2896K, committed 3008K, reserved 1048576K
GC Heap History (20 events):
Event: 1.116 GC heap before
{Heap before GC invocations=1 (full 0):
 garbage-first heap   total 251904K, used 37252K [0x000000070a200000, 0x0000000800000000)
  region size 2048K, 19 young (38912K), 2 survivors (4096K)
 Metaspace       used 10918K, committed 11200K, reserved 1114112K
  class space    used 1520K, committed 1664K, reserved 1048576K
}
Event: 1.120 GC heap after
{Heap after GC invocations=2 (full 0):
 garbage-first heap   total 251904K, used 6882K [0x000000070a200000, 0x0000000800000000)
  region size 2048K, 3 young (6144K), 3 survivors (6144K)
 Metaspace       used 10918K, committed 11200K, reserved 1114112K
  class space    used 1520K, committed 1664K, reserved 1048576K
}
Event: 12.480 GC heap before
{Heap before GC invocations=2 (full 0):
 garbage-first heap   total 251904K, used 76514K [0x000000070a200000, 0x0000000800000000)
  region size 2048K, 36 young (73728K), 3 survivors (6144K)
 Metaspace       used 19265K, committed 19456K, reserved 1114112K
  class space    used 2784K, committed 2880K, reserved 1048576K
}
Event: 12.487 GC heap after
{Heap after GC invocations=3 (full 0):
 garbage-first heap   total 251904K, used 16989K [0x000000070a200000, 0x0000000800000000)
  region size 2048K, 5 young (10240K), 5 survivors (10240K)
 Metaspace       used 19265K, committed 19456K, reserved 1114112K
  class space    used 2784K, committed 2880K, reserved 1048576K
}
Event: 12.725 GC heap before
{Heap before GC invocations=3 (full 0):
 garbage-first heap   total 251904K, used 156253K [0x000000070a200000, 0x0000000800000000)
  region size 2048K, 73 young (149504K), 5 survivors (10240K)
 Metaspace       used 19272K, committed 19456K, reserved 1114112K
  class space    used 2784K, committed 2880K, reserved 1048576K
}
Event: 12.731 GC heap after
{Heap after GC invocations=4 (full 0):
 garbage-first heap   total 251904K, used 17465K [0x000000070a200000, 0x0000000800000000)
  region size 2048K, 6 young (12288K), 6 survivors (12288K)
 Metaspace       used 19272K, committed 19456K, reserved 1114112K
  class space    used 2784K, committed 2880K, reserved 1048576K
}
Event: 12.891 GC heap before
{Heap before GC invocations=4 (full 0):
 garbage-first heap   total 251904K, used 154681K [0x000000070a200000, 0x0000000800000000)
  region size 2048K, 73 young (149504K), 6 survivors (12288K)
 Metaspace       used 19272K, committed 19456K, reserved 1114112K
  class space    used 2784K, committed 2880K, reserved 1048576K
}
Event: 12.895 GC heap after
{Heap after GC invocations=5 (full 0):
 garbage-first heap   total 251904K, used 17526K [0x000000070a200000, 0x0000000800000000)
  region size 2048K, 6 young (12288K), 6 survivors (12288K)
 Metaspace       used 19272K, committed 19456K, reserved 1114112K
  class space    used 2784K, committed 2880K, reserved 1048576K
}
Event: 13.068 GC heap before
{Heap before GC invocations=5 (full 0):
 garbage-first heap   total 251904K, used 154742K [0x000000070a200000, 0x0000000800000000)
  region size 2048K, 73 young (149504K), 6 survivors (12288K)
 Metaspace       used 19276K, committed 19456K, reserved 1114112K
  class space    used 2784K, committed 2880K, reserved 1048576K
}
Event: 13.072 GC heap after
{Heap after GC invocations=6 (full 0):
 garbage-first heap   total 251904K, used 17562K [0x000000070a200000, 0x0000000800000000)
  region size 2048K, 6 young (12288K), 6 survivors (12288K)
 Metaspace       used 19276K, committed 19456K, reserved 1114112K
  class space    used 2784K, committed 2880K, reserved 1048576K
}
Event: 13.212 GC heap before
{Heap before GC invocations=6 (full 0):
 garbage-first heap   total 251904K, used 154778K [0x000000070a200000, 0x0000000800000000)
  region size 2048K, 73 young (149504K), 6 survivors (12288K)
 Metaspace       used 19276K, committed 19456K, reserved 1114112K
  class space    used 2784K, committed 2880K, reserved 1048576K
}
Event: 13.217 GC heap after
{Heap after GC invocations=7 (full 0):
 garbage-first heap   total 251904K, used 17645K [0x000000070a200000, 0x0000000800000000)
  region size 2048K, 6 young (12288K), 6 survivors (12288K)
 Metaspace       used 19276K, committed 19456K, reserved 1114112K
  class space    used 2784K, committed 2880K, reserved 1048576K
}
Event: 13.362 GC heap before
{Heap before GC invocations=7 (full 0):
 garbage-first heap   total 251904K, used 154861K [0x000000070a200000, 0x0000000800000000)
  region size 2048K, 73 young (149504K), 6 survivors (12288K)
 Metaspace       used 19276K, committed 19456K, reserved 1114112K
  class space    used 2784K, committed 2880K, reserved 1048576K
}
Event: 13.367 GC heap after
{Heap after GC invocations=8 (full 0):
 garbage-first heap   total 303104K, used 17275K [0x000000070a200000, 0x0000000800000000)
  region size 2048K, 6 young (12288K), 6 survivors (12288K)
 Metaspace       used 19276K, committed 19456K, reserved 1114112K
  class space    used 2784K, committed 2880K, reserved 1048576K
}
Event: 13.550 GC heap before
{Heap before GC invocations=8 (full 0):
 garbage-first heap   total 303104K, used 185211K [0x000000070a200000, 0x0000000800000000)
  region size 2048K, 88 young (180224K), 6 survivors (12288K)
 Metaspace       used 19276K, committed 19456K, reserved 1114112K
  class space    used 2784K, committed 2880K, reserved 1048576K
}
Event: 13.554 GC heap after
{Heap after GC invocations=9 (full 0):
 garbage-first heap   total 303104K, used 18215K [0x000000070a200000, 0x0000000800000000)
  region size 2048K, 6 young (12288K), 6 survivors (12288K)
 Metaspace       used 19276K, committed 19456K, reserved 1114112K
  class space    used 2784K, committed 2880K, reserved 1048576K
}
Event: 13.717 GC heap before
{Heap before GC invocations=9 (full 0):
 garbage-first heap   total 303104K, used 186151K [0x000000070a200000, 0x0000000800000000)
  region size 2048K, 88 young (180224K), 6 survivors (12288K)
 Metaspace       used 19277K, committed 19456K, reserved 1114112K
  class space    used 2784K, committed 2880K, reserved 1048576K
}
Event: 13.721 GC heap after
{Heap after GC invocations=10 (full 0):
 garbage-first heap   total 303104K, used 17228K [0x000000070a200000, 0x0000000800000000)
  region size 2048K, 6 young (12288K), 6 survivors (12288K)
 Metaspace       used 19277K, committed 19456K, reserved 1114112K
  class space    used 2784K, committed 2880K, reserved 1048576K
}
Event: 14.081 GC heap before
{Heap before GC invocations=10 (full 0):
 garbage-first heap   total 303104K, used 185164K [0x000000070a200000, 0x0000000800000000)
  region size 2048K, 88 young (180224K), 6 survivors (12288K)
 Metaspace       used 19328K, committed 19584K, reserved 1114112K
  class space    used 2788K, committed 2880K, reserved 1048576K
}
Event: 14.084 GC heap after
{Heap after GC invocations=11 (full 0):
 garbage-first heap   total 303104K, used 17713K [0x000000070a200000, 0x0000000800000000)
  region size 2048K, 6 young (12288K), 6 survivors (12288K)
 Metaspace       used 19328K, committed 19584K, reserved 1114112K
  class space    used 2788K, committed 2880K, reserved 1048576K
}

